<?xml version="1.0" encoding="UTF-8"?>
<coverage generated="1715515222038" clover="3.2.0">
  <project timestamp="1715515222038" name="All files">
    <metrics statements="46" coveredstatements="46" conditionals="10" coveredconditionals="8" methods="7" coveredmethods="7" elements="63" coveredelements="61" complexity="0" loc="46" ncloc="46" packages="1" files="1" classes="1"/>
    <file name="date-picker.ts" path="/Users/warwicknortier/Desktop/Date Picker/date-picker.ts">
      <metrics statements="46" coveredstatements="46" conditionals="10" coveredconditionals="8" methods="7" coveredmethods="7"/>
      <line num="2" count="1" type="stmt"/>
      <line num="4" count="1" type="stmt"/>
      <line num="5" count="1" type="stmt"/>
      <line num="7" count="1" type="stmt"/>
      <line num="8" count="201" type="stmt"/>
      <line num="11" count="1" type="stmt"/>
      <line num="14" count="1" type="stmt"/>
      <line num="15" count="3" type="stmt"/>
      <line num="16" count="3" type="stmt"/>
      <line num="18" count="3" type="stmt"/>
      <line num="19" count="90" type="stmt"/>
      <line num="20" count="90" type="stmt"/>
      <line num="23" count="3" type="stmt"/>
      <line num="26" count="1" type="stmt"/>
      <line num="27" count="2" type="stmt"/>
      <line num="30" count="1" type="stmt"/>
      <line num="31" count="1" type="stmt"/>
      <line num="32" count="1" type="stmt"/>
      <line num="33" count="1" type="stmt"/>
      <line num="34" count="1" type="stmt"/>
      <line num="36" count="1" type="stmt"/>
      <line num="37" count="7" type="cond" truecount="4" falsecount="0"/>
      <line num="38" count="3" type="stmt"/>
      <line num="40" count="4" type="stmt"/>
      <line num="41" count="4" type="stmt"/>
      <line num="45" count="1" type="stmt"/>
      <line num="47" count="1" type="stmt"/>
      <line num="48" count="4" type="stmt"/>
      <line num="49" count="4" type="stmt"/>
      <line num="50" count="28" type="cond" truecount="2" falsecount="0"/>
      <line num="51" count="27" type="stmt"/>
      <line num="52" count="27" type="stmt"/>
      <line num="54" count="1" type="stmt"/>
      <line num="57" count="4" type="stmt"/>
      <line num="60" count="1" type="stmt"/>
      <line num="63" count="1" type="stmt"/>
      <line num="64" count="1" type="stmt"/>
      <line num="66" count="1" type="stmt"/>
      <line num="67" count="12" type="stmt"/>
      <line num="68" count="12" type="stmt"/>
      <line num="71" count="1" type="stmt"/>
      <line num="74" count="1" type="stmt"/>
      <line num="75" count="1" type="cond" truecount="2" falsecount="2"/>
      <line num="76" count="1" type="stmt"/>
      <line num="77" count="1" type="stmt"/>
      <line num="80" count="1" type="stmt"/>
    </file>
  </project>
</coverage>
