{"/Users/warwicknortier/Desktop/Date Picker/date-picker.ts": {"path":"/Users/warwicknortier/Desktop/Date Picker/date-picker.ts","statementMap":{"0":{"start":{"line":2,"column":26},"end":{"line":88,"column":1}},"1":{"start":{"line":4,"column":24},"end":{"line":12,"column":5}},"2":{"start":{"line":5,"column":22},"end":{"line":5,"column":24}},"3":{"start":{"line":7,"column":8},"end":{"line":9,"column":9}},"4":{"start":{"line":7,"column":21},"end":{"line":7,"column":25}},"5":{"start":{"line":8,"column":12},"end":{"line":8,"column":26}},"6":{"start":{"line":11,"column":8},"end":{"line":11,"column":21}},"7":{"start":{"line":14,"column":27},"end":{"line":24,"column":5}},"8":{"start":{"line":15,"column":21},"end":{"line":15,"column":45}},"9":{"start":{"line":16,"column":21},"end":{"line":16,"column":23}},"10":{"start":{"line":18,"column":8},"end":{"line":21,"column":9}},"11":{"start":{"line":19,"column":12},"end":{"line":19,"column":48}},"12":{"start":{"line":20,"column":12},"end":{"line":20,"column":45}},"13":{"start":{"line":23,"column":8},"end":{"line":23,"column":20}},"14":{"start":{"line":26,"column":31},"end":{"line":28,"column":5}},"15":{"start":{"line":27,"column":8},"end":{"line":27,"column":49}},"16":{"start":{"line":30,"column":24},"end":{"line":61,"column":5}},"17":{"start":{"line":31,"column":25},"end":{"line":31,"column":103}},"18":{"start":{"line":32,"column":29},"end":{"line":32,"column":31}},"19":{"start":{"line":33,"column":53},"end":{"line":33,"column":55}},"20":{"start":{"line":34,"column":23},"end":{"line":34,"column":24}},"21":{"start":{"line":36,"column":8},"end":{"line":43,"column":9}},"22":{"start":{"line":36,"column":21},"end":{"line":36,"column":22}},"23":{"start":{"line":37,"column":12},"end":{"line":42,"column":13}},"24":{"start":{"line":38,"column":16},"end":{"line":38,"column":41}},"25":{"start":{"line":40,"column":16},"end":{"line":40,"column":51}},"26":{"start":{"line":41,"column":16},"end":{"line":41,"column":27}},"27":{"start":{"line":45,"column":8},"end":{"line":45,"column":32}},"28":{"start":{"line":47,"column":8},"end":{"line":58,"column":9}},"29":{"start":{"line":48,"column":12},"end":{"line":48,"column":22}},"30":{"start":{"line":49,"column":12},"end":{"line":56,"column":13}},"31":{"start":{"line":49,"column":25},"end":{"line":49,"column":26}},"32":{"start":{"line":50,"column":16},"end":{"line":55,"column":17}},"33":{"start":{"line":51,"column":20},"end":{"line":51,"column":55}},"34":{"start":{"line":52,"column":20},"end":{"line":52,"column":31}},"35":{"start":{"line":54,"column":20},"end":{"line":54,"column":45}},"36":{"start":{"line":57,"column":12},"end":{"line":57,"column":36}},"37":{"start":{"line":60,"column":8},"end":{"line":60,"column":28}},"38":{"start":{"line":63,"column":26},"end":{"line":72,"column":5}},"39":{"start":{"line":64,"column":23},"end":{"line":64,"column":25}},"40":{"start":{"line":66,"column":8},"end":{"line":69,"column":9}},"41":{"start":{"line":66,"column":21},"end":{"line":66,"column":22}},"42":{"start":{"line":67,"column":30},"end":{"line":67,"column":89}},"43":{"start":{"line":68,"column":12},"end":{"line":68,"column":35}},"44":{"start":{"line":71,"column":8},"end":{"line":71,"column":22}},"45":{"start":{"line":74,"column":23},"end":{"line":78,"column":5}},"46":{"start":{"line":75,"column":21},"end":{"line":75,"column":106}},"47":{"start":{"line":76,"column":27},"end":{"line":76,"column":78}},"48":{"start":{"line":77,"column":8},"end":{"line":77,"column":26}},"49":{"start":{"line":80,"column":4},"end":{"line":87,"column":null}},"50":{"start":{"line":2,"column":13},"end":{"line":2,"column":26}}},"fnMap":{"0":{"name":"(anonymous_0)","decl":{"start":{"line":2,"column":26},"end":{"line":2,"column":29}},"loc":{"start":{"line":2,"column":31},"end":{"line":88,"column":1}}},"1":{"name":"(anonymous_1)","decl":{"start":{"line":4,"column":24},"end":{"line":4,"column":37}},"loc":{"start":{"line":4,"column":39},"end":{"line":12,"column":5}}},"2":{"name":"(anonymous_2)","decl":{"start":{"line":14,"column":27},"end":{"line":14,"column":28}},"loc":{"start":{"line":14,"column":69},"end":{"line":24,"column":5}}},"3":{"name":"(anonymous_3)","decl":{"start":{"line":26,"column":31},"end":{"line":26,"column":32}},"loc":{"start":{"line":26,"column":71},"end":{"line":28,"column":5}}},"4":{"name":"(anonymous_4)","decl":{"start":{"line":30,"column":24},"end":{"line":30,"column":25}},"loc":{"start":{"line":30,"column":68},"end":{"line":61,"column":5}}},"5":{"name":"(anonymous_5)","decl":{"start":{"line":63,"column":26},"end":{"line":63,"column":39}},"loc":{"start":{"line":63,"column":41},"end":{"line":72,"column":5}}},"6":{"name":"(anonymous_6)","decl":{"start":{"line":74,"column":23},"end":{"line":74,"column":24}},"loc":{"start":{"line":74,"column":68},"end":{"line":78,"column":5}}}},"branchMap":{"0":{"loc":{"start":{"line":37,"column":12},"end":{"line":42,"column":13}},"type":"if","locations":[{"start":{"line":37,"column":12},"end":{"line":42,"column":13}},{"start":{"line":39,"column":19},"end":{"line":42,"column":13}}]},"1":{"loc":{"start":{"line":37,"column":16},"end":{"line":37,"column":55}},"type":"binary-expr","locations":[{"start":{"line":37,"column":16},"end":{"line":37,"column":28}},{"start":{"line":37,"column":32},"end":{"line":37,"column":55}}]},"2":{"loc":{"start":{"line":50,"column":16},"end":{"line":55,"column":17}},"type":"if","locations":[{"start":{"line":50,"column":16},"end":{"line":55,"column":17}},{"start":{"line":53,"column":23},"end":{"line":55,"column":17}}]},"3":{"loc":{"start":{"line":75,"column":41},"end":{"line":75,"column":73}},"type":"cond-expr","locations":[{"start":{"line":75,"column":54},"end":{"line":75,"column":65}},{"start":{"line":75,"column":68},"end":{"line":75,"column":73}}]},"4":{"loc":{"start":{"line":75,"column":77},"end":{"line":75,"column":103}},"type":"cond-expr","locations":[{"start":{"line":75,"column":88},"end":{"line":75,"column":97}},{"start":{"line":75,"column":100},"end":{"line":75,"column":103}}]}},"s":{"0":1,"1":1,"2":1,"3":1,"4":1,"5":201,"6":1,"7":1,"8":3,"9":3,"10":3,"11":90,"12":90,"13":3,"14":1,"15":2,"16":1,"17":1,"18":1,"19":1,"20":1,"21":1,"22":1,"23":7,"24":3,"25":4,"26":4,"27":1,"28":1,"29":4,"30":4,"31":4,"32":28,"33":27,"34":27,"35":1,"36":4,"37":1,"38":1,"39":1,"40":1,"41":1,"42":12,"43":12,"44":1,"45":1,"46":1,"47":1,"48":1,"49":1,"50":1},"f":{"0":1,"1":1,"2":3,"3":2,"4":1,"5":1,"6":1},"b":{"0":[3,4],"1":[7,4],"2":[27,1],"3":[1,0],"4":[1,0]}}
}
