TN:
SF:date-picker.ts
FN:2,(anonymous_0)
FN:4,(anonymous_1)
FN:14,(anonymous_2)
FN:26,(anonymous_3)
FN:30,(anonymous_4)
FN:63,(anonymous_5)
FN:74,(anonymous_6)
FNF:7
FNH:7
FNDA:1,(anonymous_0)
FNDA:1,(anonymous_1)
FNDA:3,(anonymous_2)
FNDA:2,(anonymous_3)
FNDA:1,(anonymous_4)
FNDA:1,(anonymous_5)
FNDA:1,(anonymous_6)
DA:2,1
DA:4,1
DA:5,1
DA:7,1
DA:8,201
DA:11,1
DA:14,1
DA:15,3
DA:16,3
DA:18,3
DA:19,90
DA:20,90
DA:23,3
DA:26,1
DA:27,2
DA:30,1
DA:31,1
DA:32,1
DA:33,1
DA:34,1
DA:36,1
DA:37,7
DA:38,3
DA:40,4
DA:41,4
DA:45,1
DA:47,1
DA:48,4
DA:49,4
DA:50,28
DA:51,27
DA:52,27
DA:54,1
DA:57,4
DA:60,1
DA:63,1
DA:64,1
DA:66,1
DA:67,12
DA:68,12
DA:71,1
DA:74,1
DA:75,1
DA:76,1
DA:77,1
DA:80,1
LF:46
LH:46
BRDA:37,0,0,3
BRDA:37,0,1,4
BRDA:37,1,0,7
BRDA:37,1,1,4
BRDA:50,2,0,27
BRDA:50,2,1,1
BRDA:75,3,0,1
BRDA:75,3,1,0
BRDA:75,4,0,1
BRDA:75,4,1,0
BRF:10
BRH:8
end_of_record
